<?xml version="1.0" encoding="UTF-8"?>
<testng-results ignored="0" total="1" passed="1" failed="0" skipped="0">
  <reporter-output>
  </reporter-output>
  <suite started-at="2021-02-08T17:20:49 IST" name="Default suite" finished-at="2021-02-08T17:20:52 IST" duration-ms="2972">
    <groups>
    </groups>
    <test started-at="2021-02-08T17:20:49 IST" name="Default test" finished-at="2021-02-08T17:20:52 IST" duration-ms="2972">
      <class name="RestAssuredAutomation.RestAssuredAutomationEmployeeDetails.DeleteRequest">
        <test-method signature="deleteRequest()[pri:0, instance:RestAssuredAutomation.RestAssuredAutomationEmployeeDetails.DeleteRequest@5b367418]" started-at="2021-02-08T17:20:49 IST" name="deleteRequest" finished-at="2021-02-08T17:20:52 IST" duration-ms="2920" status="PASS">
          <reporter-output>
          </reporter-output>
        </test-method> <!-- deleteRequest -->
      </class> <!-- RestAssuredAutomation.RestAssuredAutomationEmployeeDetails.DeleteRequest -->
    </test> <!-- Default test -->
  </suite> <!-- Default suite -->
</testng-results>
